d:\directx11.tutorials\tutorial 4 - blending\debug\vc120.pdb
d:\directx11.tutorials\tutorial 4 - blending\debug\vc120.idb
d:\directx11.tutorials\tutorial 4 - blending\debug\program.obj
d:\directx11.tutorials\tutorial 4 - blending\debug\textureeffect.obj
d:\directx11.tutorials\tutorial 4 - blending\debug\window.obj
d:\directx11.tutorials\debug\pixelshader.cso
d:\directx11.tutorials\debug\vertexshader.cso
d:\directx11.tutorials\debug\tutorial 4 - blending.ilk
d:\directx11.tutorials\debug\tutorial 4 - blending.exe
d:\directx11.tutorials\debug\tutorial 4 - blending.pdb
d:\directx11.tutorials\tutorial 4 - blending\debug\tutorial.3c114122.tlog\cl.command.1.tlog
d:\directx11.tutorials\tutorial 4 - blending\debug\tutorial.3c114122.tlog\cl.read.1.tlog
d:\directx11.tutorials\tutorial 4 - blending\debug\tutorial.3c114122.tlog\cl.write.1.tlog
d:\directx11.tutorials\tutorial 4 - blending\debug\tutorial.3c114122.tlog\fxc.command.1.tlog
d:\directx11.tutorials\tutorial 4 - blending\debug\tutorial.3c114122.tlog\fxc.read.1.tlog
d:\directx11.tutorials\tutorial 4 - blending\debug\tutorial.3c114122.tlog\fxc.write.1.tlog
d:\directx11.tutorials\tutorial 4 - blending\debug\tutorial.3c114122.tlog\link.command.1.tlog
d:\directx11.tutorials\tutorial 4 - blending\debug\tutorial.3c114122.tlog\link.read.1.tlog
d:\directx11.tutorials\tutorial 4 - blending\debug\tutorial.3c114122.tlog\link.write.1.tlog
d:\directx11.tutorials\tutorial 4 - blending\debug\tutorial.3c114122.tlog\tutorial 4 - blending.write.1u.tlog
