d:\directx11.tutorials\directxtk\bin\desktop_2013\x64\debug\directxtk.pch
d:\directx11.tutorials\directxtk\bin\desktop_2013\x64\debug\directxtk.pdb
d:\directx11.tutorials\directxtk\bin\desktop_2013\x64\debug\directxtk.idb
d:\directx11.tutorials\directxtk\bin\desktop_2013\x64\debug\pch.obj
d:\directx11.tutorials\directxtk\bin\desktop_2013\x64\debug\commonstates.obj
d:\directx11.tutorials\directxtk\bin\desktop_2013\x64\debug\ddstextureloader.obj
d:\directx11.tutorials\directxtk\bin\desktop_2013\x64\debug\dgsleffect.obj
d:\directx11.tutorials\directxtk\bin\desktop_2013\x64\debug\dgsleffectfactory.obj
d:\directx11.tutorials\directxtk\bin\desktop_2013\x64\debug\dualtextureeffect.obj
d:\directx11.tutorials\directxtk\bin\desktop_2013\x64\debug\binaryreader.obj
d:\directx11.tutorials\directxtk\bin\desktop_2013\x64\debug\effectcommon.obj
d:\directx11.tutorials\directxtk\bin\desktop_2013\x64\debug\effectfactory.obj
d:\directx11.tutorials\directxtk\bin\desktop_2013\x64\debug\environmentmapeffect.obj
d:\directx11.tutorials\directxtk\bin\desktop_2013\x64\debug\geometricprimitive.obj
d:\directx11.tutorials\directxtk\bin\desktop_2013\x64\debug\model.obj
d:\directx11.tutorials\directxtk\bin\desktop_2013\x64\debug\modelloadcmo.obj
d:\directx11.tutorials\directxtk\bin\desktop_2013\x64\debug\modelloadsdkmesh.obj
d:\directx11.tutorials\directxtk\bin\desktop_2013\x64\debug\screengrab.obj
d:\directx11.tutorials\directxtk\bin\desktop_2013\x64\debug\skinnedeffect.obj
d:\directx11.tutorials\directxtk\bin\desktop_2013\x64\debug\spritebatch.obj
d:\directx11.tutorials\directxtk\bin\desktop_2013\x64\debug\primitivebatch.obj
d:\directx11.tutorials\directxtk\bin\desktop_2013\x64\debug\spritefont.obj
d:\directx11.tutorials\directxtk\bin\desktop_2013\x64\debug\vertextypes.obj
d:\directx11.tutorials\directxtk\bin\desktop_2013\x64\debug\wictextureloader.obj
d:\directx11.tutorials\directxtk\bin\desktop_2013\x64\debug\alphatesteffect.obj
d:\directx11.tutorials\directxtk\bin\desktop_2013\x64\debug\basiceffect.obj
d:\directx11.tutorials\directxtk\bin\desktop_2013\x64\debug\directxtk.lib
d:\directx11.tutorials\directxtk\bin\desktop_2013\x64\debug\directxt.e0b52ae7.tlog\cl.command.1.tlog
d:\directx11.tutorials\directxtk\bin\desktop_2013\x64\debug\directxt.e0b52ae7.tlog\cl.read.1.tlog
d:\directx11.tutorials\directxtk\bin\desktop_2013\x64\debug\directxt.e0b52ae7.tlog\cl.write.1.tlog
d:\directx11.tutorials\directxtk\bin\desktop_2013\x64\debug\directxt.e0b52ae7.tlog\lib-link.read.1.tlog
d:\directx11.tutorials\directxtk\bin\desktop_2013\x64\debug\directxt.e0b52ae7.tlog\lib-link.write.1.tlog
d:\directx11.tutorials\directxtk\bin\desktop_2013\x64\debug\directxt.e0b52ae7.tlog\lib.command.1.tlog
