Build started 8/27/2014 12:16:45 PM.
     1>Project "D:\DirectX11.Tutorials\DirectXTK\DirectXTK_Desktop_2013.vcxproj" on node 2 (Build target(s)).
     1>ClCompile:
         C:\Program Files (x86)\Microsoft Visual Studio 12.0\VC\bin\x86_amd64\CL.exe /c /ID:\DirectX11.Tutorials\DirectXTK\Inc /Zi /nologo /W4 /WX- /Od /D _WIN32_WINNT=0x0600 /D _WIN7_PLATFORM_UPDATE /D WIN32 /D _DEBUG /D _LIB /D _UNICODE /D UNICODE /Gm /EHsc /RTC1 /MDd /GS /fp:fast /Zc:wchar_t /Zc:forScope /Yu"pch.h" /Fp"Bin\Desktop_2013\x64\Debug\DirectXTK.pch" /Fo"Bin\Desktop_2013\x64\Debug\\" /Fd"Bin\Desktop_2013\x64\Debug\DirectXTK.pdb" /Gd /TP /errorReport:prompt Src\GeometricPrimitive.cpp
         GeometricPrimitive.cpp
       Lib:
         C:\Program Files (x86)\Microsoft Visual Studio 12.0\VC\bin\x86_amd64\Lib.exe /OUT:"Bin\Desktop_2013\x64\Debug\DirectXTK.lib" /NOLOGO /MACHINE:X64 Bin\Desktop_2013\x64\Debug\AlphaTestEffect.obj
         Bin\Desktop_2013\x64\Debug\BasicEffect.obj
         Bin\Desktop_2013\x64\Debug\CommonStates.obj
         Bin\Desktop_2013\x64\Debug\DDSTextureLoader.obj
         Bin\Desktop_2013\x64\Debug\DGSLEffect.obj
         Bin\Desktop_2013\x64\Debug\DGSLEffectFactory.obj
         Bin\Desktop_2013\x64\Debug\DualTextureEffect.obj
         Bin\Desktop_2013\x64\Debug\BinaryReader.obj
         Bin\Desktop_2013\x64\Debug\EffectCommon.obj
         Bin\Desktop_2013\x64\Debug\EffectFactory.obj
         Bin\Desktop_2013\x64\Debug\EnvironmentMapEffect.obj
         Bin\Desktop_2013\x64\Debug\GeometricPrimitive.obj
         Bin\Desktop_2013\x64\Debug\Model.obj
         Bin\Desktop_2013\x64\Debug\ModelLoadCMO.obj
         Bin\Desktop_2013\x64\Debug\ModelLoadSDKMESH.obj
         Bin\Desktop_2013\x64\Debug\pch.obj
         Bin\Desktop_2013\x64\Debug\ScreenGrab.obj
         Bin\Desktop_2013\x64\Debug\SkinnedEffect.obj
         Bin\Desktop_2013\x64\Debug\SpriteBatch.obj
         Bin\Desktop_2013\x64\Debug\PrimitiveBatch.obj
         Bin\Desktop_2013\x64\Debug\SpriteFont.obj
         Bin\Desktop_2013\x64\Debug\VertexTypes.obj
         Bin\Desktop_2013\x64\Debug\WICTextureLoader.obj
         DirectXTK_Desktop_2013.vcxproj -> D:\DirectX11.Tutorials\DirectXTK\Bin\Desktop_2013\x64\Debug\DirectXTK.lib
     1>Done Building Project "D:\DirectX11.Tutorials\DirectXTK\DirectXTK_Desktop_2013.vcxproj" (Build target(s)).

Build succeeded.

Time Elapsed 00:00:00.99
