d:\directx11.tutorials\tutorial 5 - geometry shader\debug\vc120.pdb
d:\directx11.tutorials\tutorial 5 - geometry shader\debug\vc120.idb
d:\directx11.tutorials\tutorial 5 - geometry shader\debug\program.obj
d:\directx11.tutorials\tutorial 5 - geometry shader\debug\linethicknesseffect.obj
d:\directx11.tutorials\tutorial 5 - geometry shader\debug\window.obj
d:\directx11.tutorials\debug\geometryshader.cso
d:\directx11.tutorials\debug\pixelshader.cso
d:\directx11.tutorials\debug\vertexshader.cso
d:\directx11.tutorials\debug\tutorial 5 - geometry shader.ilk
d:\directx11.tutorials\debug\tutorial 5 - geometry shader.exe
d:\directx11.tutorials\debug\tutorial 5 - geometry shader.pdb
d:\directx11.tutorials\tutorial 5 - geometry shader\debug\tutorial.79bee8f7.tlog\cl.command.1.tlog
d:\directx11.tutorials\tutorial 5 - geometry shader\debug\tutorial.79bee8f7.tlog\cl.read.1.tlog
d:\directx11.tutorials\tutorial 5 - geometry shader\debug\tutorial.79bee8f7.tlog\cl.write.1.tlog
d:\directx11.tutorials\tutorial 5 - geometry shader\debug\tutorial.79bee8f7.tlog\fxc.command.1.tlog
d:\directx11.tutorials\tutorial 5 - geometry shader\debug\tutorial.79bee8f7.tlog\fxc.read.1.tlog
d:\directx11.tutorials\tutorial 5 - geometry shader\debug\tutorial.79bee8f7.tlog\fxc.write.1.tlog
d:\directx11.tutorials\tutorial 5 - geometry shader\debug\tutorial.79bee8f7.tlog\link.command.1.tlog
d:\directx11.tutorials\tutorial 5 - geometry shader\debug\tutorial.79bee8f7.tlog\link.read.1.tlog
d:\directx11.tutorials\tutorial 5 - geometry shader\debug\tutorial.79bee8f7.tlog\link.write.1.tlog
d:\directx11.tutorials\tutorial 5 - geometry shader\debug\tutorial.79bee8f7.tlog\tutorial 5 - geometry shader.write.1u.tlog
