d:\directx11.tutorials\tutorial 6 - points\debug\vc120.pdb
d:\directx11.tutorials\tutorial 6 - points\debug\vc120.idb
d:\directx11.tutorials\tutorial 6 - points\debug\program.obj
d:\directx11.tutorials\tutorial 6 - points\debug\pointseffect.obj
d:\directx11.tutorials\tutorial 6 - points\debug\window.obj
d:\directx11.tutorials\debug\geometryshader.cso
d:\directx11.tutorials\debug\pixelshader.cso
d:\directx11.tutorials\debug\vertexshader.cso
d:\directx11.tutorials\debug\tutorial 6 - points.ilk
d:\directx11.tutorials\debug\tutorial 6 - points.exe
d:\directx11.tutorials\debug\tutorial 6 - points.pdb
d:\directx11.tutorials\tutorial 6 - points\debug\tutorial.abdb75f7.tlog\cl.command.1.tlog
d:\directx11.tutorials\tutorial 6 - points\debug\tutorial.abdb75f7.tlog\cl.read.1.tlog
d:\directx11.tutorials\tutorial 6 - points\debug\tutorial.abdb75f7.tlog\cl.write.1.tlog
d:\directx11.tutorials\tutorial 6 - points\debug\tutorial.abdb75f7.tlog\fxc.command.1.tlog
d:\directx11.tutorials\tutorial 6 - points\debug\tutorial.abdb75f7.tlog\fxc.read.1.tlog
d:\directx11.tutorials\tutorial 6 - points\debug\tutorial.abdb75f7.tlog\fxc.write.1.tlog
d:\directx11.tutorials\tutorial 6 - points\debug\tutorial.abdb75f7.tlog\link.command.1.tlog
d:\directx11.tutorials\tutorial 6 - points\debug\tutorial.abdb75f7.tlog\link.read.1.tlog
d:\directx11.tutorials\tutorial 6 - points\debug\tutorial.abdb75f7.tlog\link.write.1.tlog
d:\directx11.tutorials\tutorial 6 - points\debug\tutorial.abdb75f7.tlog\tutorial 6 - points.write.1u.tlog
