d:\directx 11 tests\tutorial 1 - create window\debug\vc120.pdb
d:\directx 11 tests\tutorial 1 - create window\debug\vc120.idb
d:\directx 11 tests\tutorial 1 - create window\debug\program.obj
d:\directx 11 tests\tutorial 1 - create window\debug\simpleeffect.obj
d:\directx 11 tests\tutorial 1 - create window\debug\window.obj
d:\directx 11 tests\debug\pixelshader.cso
d:\directx 11 tests\debug\vertexshader.cso
d:\directx 11 tests\debug\tutorial 1 - create window.pdb
d:\directx 11 tests\tutorial 1 - create window\debug\tutorial.4776a936.tlog\cl.command.1.tlog
d:\directx 11 tests\tutorial 1 - create window\debug\tutorial.4776a936.tlog\cl.read.1.tlog
d:\directx 11 tests\tutorial 1 - create window\debug\tutorial.4776a936.tlog\cl.write.1.tlog
d:\directx 11 tests\tutorial 1 - create window\debug\tutorial.4776a936.tlog\fxc.command.1.tlog
d:\directx 11 tests\tutorial 1 - create window\debug\tutorial.4776a936.tlog\fxc.read.1.tlog
d:\directx 11 tests\tutorial 1 - create window\debug\tutorial.4776a936.tlog\fxc.write.1.tlog
d:\directx 11 tests\tutorial 1 - create window\debug\tutorial.4776a936.tlog\link.19292-cvtres.read.1.tlog
d:\directx 11 tests\tutorial 1 - create window\debug\tutorial.4776a936.tlog\link.19292-cvtres.write.1.tlog
d:\directx 11 tests\tutorial 1 - create window\debug\tutorial.4776a936.tlog\link.19292-rc.read.1.tlog
d:\directx 11 tests\tutorial 1 - create window\debug\tutorial.4776a936.tlog\link.19292-rc.write.1.tlog
d:\directx 11 tests\tutorial 1 - create window\debug\tutorial.4776a936.tlog\link.19292.read.1.tlog
d:\directx 11 tests\tutorial 1 - create window\debug\tutorial.4776a936.tlog\link.19292.write.1.tlog
d:\directx 11 tests\tutorial 1 - create window\debug\tutorial.4776a936.tlog\link.command.1.tlog
d:\directx 11 tests\tutorial 1 - create window\debug\tutorial.4776a936.tlog\link.read.1.tlog
d:\directx 11 tests\tutorial 1 - create window\debug\tutorial.4776a936.tlog\link.write.1.tlog
d:\directx 11 tests\tutorial 1 - create window\debug\tutorial.4776a936.tlog\tutorial 1 - create window.write.1u.tlog
