d:\directx11.tutorials\tutorial 3 - surface lighting\debug\vc120.pdb
d:\directx11.tutorials\tutorial 3 - surface lighting\debug\vc120.idb
d:\directx11.tutorials\tutorial 3 - surface lighting\debug\program.obj
d:\directx11.tutorials\tutorial 3 - surface lighting\debug\lightingeffect.obj
d:\directx11.tutorials\tutorial 3 - surface lighting\debug\window.obj
d:\directx11.tutorials\debug\pixelshader.cso
d:\directx11.tutorials\debug\vertexshader.cso
d:\directx11.tutorials\debug\tutorial 3 - surface lighting.ilk
d:\directx11.tutorials\debug\tutorial 3 - surface lighting.exe
d:\directx11.tutorials\debug\tutorial 3 - surface lighting.pdb
d:\directx11.tutorials\tutorial 3 - surface lighting\debug\tutorial.0510141b.tlog\cl.command.1.tlog
d:\directx11.tutorials\tutorial 3 - surface lighting\debug\tutorial.0510141b.tlog\cl.read.1.tlog
d:\directx11.tutorials\tutorial 3 - surface lighting\debug\tutorial.0510141b.tlog\cl.write.1.tlog
d:\directx11.tutorials\tutorial 3 - surface lighting\debug\tutorial.0510141b.tlog\fxc.command.1.tlog
d:\directx11.tutorials\tutorial 3 - surface lighting\debug\tutorial.0510141b.tlog\fxc.read.1.tlog
d:\directx11.tutorials\tutorial 3 - surface lighting\debug\tutorial.0510141b.tlog\fxc.write.1.tlog
d:\directx11.tutorials\tutorial 3 - surface lighting\debug\tutorial.0510141b.tlog\link.command.1.tlog
d:\directx11.tutorials\tutorial 3 - surface lighting\debug\tutorial.0510141b.tlog\link.read.1.tlog
d:\directx11.tutorials\tutorial 3 - surface lighting\debug\tutorial.0510141b.tlog\link.write.1.tlog
d:\directx11.tutorials\tutorial 3 - surface lighting\debug\tutorial.0510141b.tlog\tutorial 3 - surface lighting.write.1u.tlog
