Build started 8/29/2014 9:15:26 AM.
     1>Project "D:\DirectX11.Tutorials\DirectXTK\DirectXTK_Desktop_2013.vcxproj" on node 2 (Build target(s)).
     1>ClCompile:
         C:\Program Files (x86)\Microsoft Visual Studio 12.0\VC\bin\CL.exe /c /ID:\DirectX11.Tutorials\DirectXTK\Inc /ZI /nologo /W4 /WX- /Od /Oy- /D _WIN32_WINNT=0x0600 /D _WIN7_PLATFORM_UPDATE /D WIN32 /D _DEBUG /D _LIB /D _UNICODE /D UNICODE /Gm /EHsc /RTC1 /MDd /GS /arch:SSE2 /fp:fast /Zc:wchar_t /Zc:forScope /Yu"pch.h" /Fp"Bin\Desktop_2013\Win32\Debug\DirectXTK.pch" /Fo"Bin\Desktop_2013\Win32\Debug\\" /Fd"Bin\Desktop_2013\Win32\Debug\DirectXTK.pdb" /Gd /TP /analyze- /errorReport:prompt Src\GeometricPrimitive.cpp
         GeometricPrimitive.cpp
       Lib:
         C:\Program Files (x86)\Microsoft Visual Studio 12.0\VC\bin\Lib.exe /OUT:"Bin\Desktop_2013\Win32\Debug\DirectXTK.lib" /NOLOGO Bin\Desktop_2013\Win32\Debug\AlphaTestEffect.obj
         Bin\Desktop_2013\Win32\Debug\BasicEffect.obj
         Bin\Desktop_2013\Win32\Debug\CommonStates.obj
         Bin\Desktop_2013\Win32\Debug\DDSTextureLoader.obj
         Bin\Desktop_2013\Win32\Debug\DGSLEffect.obj
         Bin\Desktop_2013\Win32\Debug\DGSLEffectFactory.obj
         Bin\Desktop_2013\Win32\Debug\DualTextureEffect.obj
         Bin\Desktop_2013\Win32\Debug\BinaryReader.obj
         Bin\Desktop_2013\Win32\Debug\EffectCommon.obj
         Bin\Desktop_2013\Win32\Debug\EffectFactory.obj
         Bin\Desktop_2013\Win32\Debug\EnvironmentMapEffect.obj
         Bin\Desktop_2013\Win32\Debug\GeometricPrimitive.obj
         Bin\Desktop_2013\Win32\Debug\Model.obj
         Bin\Desktop_2013\Win32\Debug\ModelLoadCMO.obj
         Bin\Desktop_2013\Win32\Debug\ModelLoadSDKMESH.obj
         Bin\Desktop_2013\Win32\Debug\pch.obj
         Bin\Desktop_2013\Win32\Debug\ScreenGrab.obj
         Bin\Desktop_2013\Win32\Debug\SkinnedEffect.obj
         Bin\Desktop_2013\Win32\Debug\SpriteBatch.obj
         Bin\Desktop_2013\Win32\Debug\PrimitiveBatch.obj
         Bin\Desktop_2013\Win32\Debug\SpriteFont.obj
         Bin\Desktop_2013\Win32\Debug\VertexTypes.obj
         Bin\Desktop_2013\Win32\Debug\WICTextureLoader.obj
         DirectXTK_Desktop_2013.vcxproj -> D:\DirectX11.Tutorials\DirectXTK\Bin\Desktop_2013\Win32\Debug\DirectXTK.lib
     1>Done Building Project "D:\DirectX11.Tutorials\DirectXTK\DirectXTK_Desktop_2013.vcxproj" (Build target(s)).

Build succeeded.

Time Elapsed 00:00:01.08
